<?xml version="1.0" encoding="UTF-8"?>
<!-- Generated by org.testng.reporters.JUnitReportReporter -->
<testsuite skipped="0" hostname="jays-MacBook-Pro.local" name="Feature.YerunHoga" tests="3" failures="0" timestamp="2023-07-13T13:29:35 IST" time="14.865" errors="0">
  <testcase name="flipkarttestcase" time="9.606" classname="Feature.YerunHoga"/>
  <system-out/>
  <testcase name="LoginTestCase" time="5.258" classname="Feature.YerunHoga"/>
  <system-out/>
  <testcase name="print" time="0.001" classname="Feature.YerunHoga"/>
  <system-out/>
</testsuite> <!-- Feature.YerunHoga -->
