<?xml version="1.0" encoding="UTF-8"?>
<!-- Generated by org.testng.reporters.JUnitReportReporter -->
<testsuite skipped="0" hostname="jays-MacBook-Pro.local" name="Feature.Practice" tests="1" failures="0" timestamp="2023-07-13T19:01:06 IST" time="37.559" errors="0">
  <testcase name="Browsersetup" time="37.559" classname="Feature.Practice"/>
  <system-out/>
</testsuite> <!-- Feature.Practice -->
