<?xml version="1.0" encoding="UTF-8"?>
<!-- Generated by org.testng.reporters.JUnitReportReporter -->
<testsuite skipped="0" hostname="jays-MacBook-Pro.local" name="Feature.YerunHoga" tests="9" failures="0" timestamp="2023-08-15T22:09:41 IST" time="21.495" errors="0">
  <testcase name="seleniumeasymultipleTabs" time="4.557" classname="Feature.YerunHoga"/>
  <system-out/>
  <testcase name="verifyTitle" time="2.844" classname="Feature.YerunHoga"/>
  <system-out/>
  <testcase name="loginTest" time="0.002" classname="Feature.YerunHoga"/>
  <system-out/>
  <testcase name="loginTest" time="0.002" classname="Feature.YerunHoga"/>
  <system-out/>
  <testcase name="seleniumeasy" time="4.128" classname="Feature.YerunHoga"/>
  <system-out/>
  <testcase name="LoginTestCase" time="4.439" classname="Feature.YerunHoga"/>
  <system-out/>
  <testcase name="swaglabs_titletest" time="0.208" classname="Feature.YerunHoga"/>
  <system-out/>
  <testcase name="print" time="0.002" classname="Feature.YerunHoga"/>
  <system-out/>
  <testcase name="dragAnddrop" time="5.313" classname="Feature.YerunHoga"/>
  <system-out/>
</testsuite> <!-- Feature.YerunHoga -->
