<?xml version="1.0" encoding="UTF-8"?>
<!-- Generated by org.testng.reporters.JUnitReportReporter -->
<testsuite hostname="jays-MacBook-Pro.local" failures="0" tests="6" name="Feature.YerunHoga" time="17.643" errors="0" timestamp="2023-08-26T21:15:28 IST" skipped="0">
  <testcase classname="Feature.YerunHoga" name="dragAnddrop" time="8.092"/>
  <system-out/>
  <testcase classname="Feature.YerunHoga" name="verifyTitle" time="0.638"/>
  <system-out/>
  <testcase classname="Feature.YerunHoga" name="LoginTestCase" time="4.690"/>
  <system-out/>
  <testcase classname="Feature.YerunHoga" name="abc8" time="0.001"/>
  <system-out/>
  <testcase classname="Feature.YerunHoga" name="seleniumeasy" time="3.868"/>
  <system-out/>
  <testcase classname="Feature.YerunHoga" name="seleniumeasymultipleTabs" time="0.354"/>
  <system-out/>
</testsuite> <!-- Feature.YerunHoga -->
