<?xml version="1.0" encoding="UTF-8"?>
<!-- Generated by org.testng.reporters.JUnitReportReporter -->
<testsuite hostname="jays-MacBook-Pro.local" failures="0" tests="6" name="Feature.YerunHoga" time="14.601" errors="0" timestamp="2023-08-27T20:13:29 IST" skipped="0">
  <testcase classname="Feature.YerunHoga" name="verifyTitle" time="0.860"/>
  <system-out/>
  <testcase classname="Feature.YerunHoga" name="abc8" time="0.003"/>
  <system-out/>
  <testcase classname="Feature.YerunHoga" name="seleniumeasy" time="3.788"/>
  <system-out/>
  <testcase classname="Feature.YerunHoga" name="dragAnddrop" time="5.409"/>
  <system-out/>
  <testcase classname="Feature.YerunHoga" name="LoginTestCase" time="4.279"/>
  <system-out/>
  <testcase classname="Feature.YerunHoga" name="seleniumeasymultipleTabs" time="0.262"/>
  <system-out/>
</testsuite> <!-- Feature.YerunHoga -->
