<?xml version="1.0" encoding="UTF-8"?>
<!-- Generated by org.testng.reporters.JUnitReportReporter -->
<testsuite skipped="0" hostname="jays-MacBook-Pro.local" name="Feature.HomePageTestcases" tests="1" failures="0" timestamp="2023-04-15T17:09:12 IST" time="11.316" errors="0">
  <testcase name="HomepageTest" time="11.316" classname="Feature.HomePageTestcases"/>
  <system-out/>
</testsuite> <!-- Feature.HomePageTestcases -->
